2024-02-12T11:08:36.768+01:00  INFO 6708 --- [main] d.aittr.g_31_2_shop.G312ShopApplication  : Starting G312ShopApplication using Java 20.0.2 with PID 6708 (C:\IT\JavaBE\g_31_2_shop\target\classes started by Валя in C:\IT\JavaBE\g_31_2_shop)
2024-02-12T11:08:36.793+01:00  INFO 6708 --- [main] d.aittr.g_31_2_shop.G312ShopApplication  : No active profile set, falling back to 1 default profile: "default"
2024-02-12T11:08:38.048+01:00  INFO 6708 --- [main] .s.d.r.c.RepositoryConfigurationDelegate : Bootstrapping Spring Data JPA repositories in DEFAULT mode.
2024-02-12T11:08:38.182+01:00  INFO 6708 --- [main] .s.d.r.c.RepositoryConfigurationDelegate : Finished Spring Data repository scanning in 114 ms. Found 3 JPA repository interfaces.
2024-02-12T11:08:39.613+01:00  INFO 6708 --- [main] o.s.b.w.embedded.tomcat.TomcatWebServer  : Tomcat initialized with port(s): 8080 (http)
2024-02-12T11:08:39.633+01:00  INFO 6708 --- [main] o.apache.catalina.core.StandardService   : Starting service [Tomcat]
2024-02-12T11:08:39.634+01:00  INFO 6708 --- [main] o.apache.catalina.core.StandardEngine    : Starting Servlet engine: [Apache Tomcat/10.1.15]
2024-02-12T11:08:39.790+01:00  INFO 6708 --- [main] o.a.c.c.C.[Tomcat].[localhost].[/]       : Initializing Spring embedded WebApplicationContext
2024-02-12T11:08:39.790+01:00  INFO 6708 --- [main] w.s.c.ServletWebServerApplicationContext : Root WebApplicationContext: initialization completed in 2881 ms
2024-02-12T11:08:40.099+01:00  INFO 6708 --- [main] o.hibernate.jpa.internal.util.LogHelper  : HHH000204: Processing PersistenceUnitInfo [name: default]
2024-02-12T11:08:40.212+01:00  INFO 6708 --- [main] org.hibernate.Version                    : HHH000412: Hibernate ORM core version 6.2.13.Final
2024-02-12T11:08:40.216+01:00  INFO 6708 --- [main] org.hibernate.cfg.Environment            : HHH000406: Using bytecode reflection optimizer
2024-02-12T11:08:40.853+01:00  INFO 6708 --- [main] o.s.o.j.p.SpringPersistenceUnitInfo      : No LoadTimeWeaver setup: ignoring JPA class transformer
2024-02-12T11:08:40.897+01:00  INFO 6708 --- [main] com.zaxxer.hikari.HikariDataSource       : HikariPool-1 - Starting...
2024-02-12T11:08:41.414+01:00  INFO 6708 --- [main] com.zaxxer.hikari.pool.HikariPool        : HikariPool-1 - Added connection com.mysql.cj.jdbc.ConnectionImpl@34549979
2024-02-12T11:08:41.417+01:00  INFO 6708 --- [main] com.zaxxer.hikari.HikariDataSource       : HikariPool-1 - Start completed.
2024-02-12T11:08:42.878+01:00  INFO 6708 --- [main] o.h.e.t.j.p.i.JtaPlatformInitiator       : HHH000489: No JTA platform available (set 'hibernate.transaction.jta.platform' to enable JTA platform integration)
2024-02-12T11:08:42.881+01:00  INFO 6708 --- [main] j.LocalContainerEntityManagerFactoryBean : Initialized JPA EntityManagerFactory for persistence unit 'default'
2024-02-12T11:08:43.590+01:00  WARN 6708 --- [main] JpaBaseConfiguration$JpaWebConfiguration : spring.jpa.open-in-view is enabled by default. Therefore, database queries may be performed during view rendering. Explicitly configure spring.jpa.open-in-view to disable this warning
2024-02-12T11:08:44.186+01:00  INFO 6708 --- [main] o.s.b.w.embedded.tomcat.TomcatWebServer  : Tomcat started on port(s): 8080 (http) with context path ''
2024-02-12T11:08:44.202+01:00  INFO 6708 --- [main] d.aittr.g_31_2_shop.G312ShopApplication  : Started G312ShopApplication in 8.214 seconds (process running for 8.859)
2024-02-12T11:09:11.614+01:00  INFO 6708 --- [http-nio-8080-exec-1] o.a.c.c.C.[Tomcat].[localhost].[/]       : Initializing Spring DispatcherServlet 'dispatcherServlet'
2024-02-12T11:09:11.614+01:00  INFO 6708 --- [http-nio-8080-exec-1] o.s.web.servlet.DispatcherServlet        : Initializing Servlet 'dispatcherServlet'
2024-02-12T11:09:11.615+01:00  INFO 6708 --- [http-nio-8080-exec-1] o.s.web.servlet.DispatcherServlet        : Completed initialization in 1 ms
2024-02-12T11:09:11.648+01:00  WARN 6708 --- [http-nio-8080-exec-1] .w.s.m.s.DefaultHandlerExceptionResolver : Resolved [org.springframework.web.HttpRequestMethodNotSupportedException: Request method 'PUT' is not supported]
2024-02-12T11:09:38.562+01:00  WARN 6708 --- [http-nio-8080-exec-3] .w.s.m.s.DefaultHandlerExceptionResolver : Resolved [org.springframework.web.HttpRequestMethodNotSupportedException: Request method 'PUT' is not supported]
2024-02-12T11:09:44.789+01:00  INFO 6708 --- [SpringApplicationShutdownHook] j.LocalContainerEntityManagerFactoryBean : Closing JPA EntityManagerFactory for persistence unit 'default'
2024-02-12T11:09:44.792+01:00  INFO 6708 --- [SpringApplicationShutdownHook] com.zaxxer.hikari.HikariDataSource       : HikariPool-1 - Shutdown initiated...
2024-02-12T11:09:44.804+01:00  INFO 6708 --- [SpringApplicationShutdownHook] com.zaxxer.hikari.HikariDataSource       : HikariPool-1 - Shutdown completed.
2024-02-12T11:09:54.847+01:00  INFO 13160 --- [main] d.aittr.g_31_2_shop.G312ShopApplication  : Starting G312ShopApplication using Java 20.0.2 with PID 13160 (C:\IT\JavaBE\g_31_2_shop\target\classes started by Валя in C:\IT\JavaBE\g_31_2_shop)
2024-02-12T11:09:54.852+01:00  INFO 13160 --- [main] d.aittr.g_31_2_shop.G312ShopApplication  : No active profile set, falling back to 1 default profile: "default"
2024-02-12T11:09:55.795+01:00  INFO 13160 --- [main] .s.d.r.c.RepositoryConfigurationDelegate : Bootstrapping Spring Data JPA repositories in DEFAULT mode.
2024-02-12T11:09:55.895+01:00  INFO 13160 --- [main] .s.d.r.c.RepositoryConfigurationDelegate : Finished Spring Data repository scanning in 87 ms. Found 3 JPA repository interfaces.
2024-02-12T11:09:56.869+01:00  INFO 13160 --- [main] o.s.b.w.embedded.tomcat.TomcatWebServer  : Tomcat initialized with port(s): 8080 (http)
2024-02-12T11:09:56.883+01:00  INFO 13160 --- [main] o.apache.catalina.core.StandardService   : Starting service [Tomcat]
2024-02-12T11:09:56.884+01:00  INFO 13160 --- [main] o.apache.catalina.core.StandardEngine    : Starting Servlet engine: [Apache Tomcat/10.1.15]
2024-02-12T11:09:56.992+01:00  INFO 13160 --- [main] o.a.c.c.C.[Tomcat].[localhost].[/]       : Initializing Spring embedded WebApplicationContext
2024-02-12T11:09:56.992+01:00  INFO 13160 --- [main] w.s.c.ServletWebServerApplicationContext : Root WebApplicationContext: initialization completed in 2064 ms
2024-02-12T11:09:57.260+01:00  INFO 13160 --- [main] o.hibernate.jpa.internal.util.LogHelper  : HHH000204: Processing PersistenceUnitInfo [name: default]
2024-02-12T11:09:57.324+01:00  INFO 13160 --- [main] org.hibernate.Version                    : HHH000412: Hibernate ORM core version 6.2.13.Final
2024-02-12T11:09:57.327+01:00  INFO 13160 --- [main] org.hibernate.cfg.Environment            : HHH000406: Using bytecode reflection optimizer
2024-02-12T11:09:57.652+01:00  INFO 13160 --- [main] o.s.o.j.p.SpringPersistenceUnitInfo      : No LoadTimeWeaver setup: ignoring JPA class transformer
2024-02-12T11:09:57.690+01:00  INFO 13160 --- [main] com.zaxxer.hikari.HikariDataSource       : HikariPool-1 - Starting...
2024-02-12T11:09:58.148+01:00  INFO 13160 --- [main] com.zaxxer.hikari.pool.HikariPool        : HikariPool-1 - Added connection com.mysql.cj.jdbc.ConnectionImpl@77ab5214
2024-02-12T11:09:58.150+01:00  INFO 13160 --- [main] com.zaxxer.hikari.HikariDataSource       : HikariPool-1 - Start completed.
2024-02-12T11:09:59.254+01:00  INFO 13160 --- [main] o.h.e.t.j.p.i.JtaPlatformInitiator       : HHH000489: No JTA platform available (set 'hibernate.transaction.jta.platform' to enable JTA platform integration)
2024-02-12T11:09:59.258+01:00  INFO 13160 --- [main] j.LocalContainerEntityManagerFactoryBean : Initialized JPA EntityManagerFactory for persistence unit 'default'
2024-02-12T11:09:59.789+01:00  WARN 13160 --- [main] JpaBaseConfiguration$JpaWebConfiguration : spring.jpa.open-in-view is enabled by default. Therefore, database queries may be performed during view rendering. Explicitly configure spring.jpa.open-in-view to disable this warning
2024-02-12T11:10:00.309+01:00  INFO 13160 --- [main] o.s.b.w.embedded.tomcat.TomcatWebServer  : Tomcat started on port(s): 8080 (http) with context path ''
2024-02-12T11:10:00.321+01:00  INFO 13160 --- [main] d.aittr.g_31_2_shop.G312ShopApplication  : Started G312ShopApplication in 6.132 seconds (process running for 6.735)
2024-02-12T11:10:16.938+01:00  INFO 13160 --- [http-nio-8080-exec-2] o.a.c.c.C.[Tomcat].[localhost].[/]       : Initializing Spring DispatcherServlet 'dispatcherServlet'
2024-02-12T11:10:16.939+01:00  INFO 13160 --- [http-nio-8080-exec-2] o.s.web.servlet.DispatcherServlet        : Initializing Servlet 'dispatcherServlet'
2024-02-12T11:10:16.941+01:00  INFO 13160 --- [http-nio-8080-exec-2] o.s.web.servlet.DispatcherServlet        : Completed initialization in 1 ms
2024-02-12T11:10:16.974+01:00  WARN 13160 --- [http-nio-8080-exec-2] .w.s.m.s.DefaultHandlerExceptionResolver : Resolved [org.springframework.web.HttpRequestMethodNotSupportedException: Request method 'PUT' is not supported]
2024-02-12T11:42:21.748+01:00  INFO 13160 --- [SpringApplicationShutdownHook] j.LocalContainerEntityManagerFactoryBean : Closing JPA EntityManagerFactory for persistence unit 'default'
2024-02-12T11:42:21.754+01:00  INFO 13160 --- [SpringApplicationShutdownHook] com.zaxxer.hikari.HikariDataSource       : HikariPool-1 - Shutdown initiated...
2024-02-12T11:42:21.767+01:00  INFO 13160 --- [SpringApplicationShutdownHook] com.zaxxer.hikari.HikariDataSource       : HikariPool-1 - Shutdown completed.
